<?xml version="1.0" encoding="UTF-8"?>
<testng-results skipped="6" failed="0" ignored="0" total="6" passed="0">
  <reporter-output>
  </reporter-output>
  <suite name="Suite" duration-ms="0" started-at="2021-02-26T15:17:28 IST" finished-at="2021-02-26T15:17:28 IST">
    <groups>
    </groups>
  </suite> <!-- Suite -->
  <suite name=" LoginTest Suite" duration-ms="98" started-at="2021-02-26T15:17:27 IST" finished-at="2021-02-26T15:17:27 IST">
    <groups>
    </groups>
    <test name="Login Test" duration-ms="98" started-at="2021-02-26T15:17:27 IST" finished-at="2021-02-26T15:17:27 IST">
      <class name="com.vanran.tests.ItemsEditTest">
        <test-method status="FAIL" signature="OpenBrowserGrade()[pri:0, instance:com.vanran.tests.ItemsEditTest@64bfbc86]" name="OpenBrowserGrade" is-config="true" duration-ms="603646" started-at="2021-02-26T15:07:23 IST" finished-at="2021-02-26T15:17:27 IST">
          <exception class="org.openqa.selenium.SessionNotCreatedException">
            <message>
              <![CDATA[session not created
from timeout: Timed out receiving message from renderer: 600.000
  (Session info: chrome=88.0.4324.182)
Build info: version: '3.141.59', revision: 'e82be7d358', time: '2018-11-14T08:17:03'
System info: host: 'SUBHANGIS-LPT', ip: '172.30.100.53', os.name: 'Windows 10', os.arch: 'amd64', os.version: '10.0', java.version: '1.8.0_261'
Driver info: driver.version: ChromeDriver
remote stacktrace: Backtrace:
GetHandleVerifier [0x008AB963+483]
GetHandleVerifier [0x008AB941+449]
GetHandleVerifier [0x00C53308+3832712]
GetHandleVerifier [0x00C4778C+3784716]
GetHandleVerifier [0x00C46A47+3781319]
GetHandleVerifier [0x00C46E36+3782326]
GetHandleVerifier [0x00C46765+3780581]
GetHandleVerifier [0x00C4FB21+3818401]
GetHandleVerifier [0x00C46721+3780513]
GetHandleVerifier [0x00C474B2+3783986]
GetHandleVerifier [0x00C46A47+3781319]
GetHandleVerifier [0x00C46E36+3782326]
GetHandleVerifier [0x00C46765+3780581]
GetHandleVerifier [0x00C4DF9C+3811356]
GetHandleVerifier [0x00C46721+3780513]
GetHandleVerifier [0x00C474B2+3783986]
GetHandleVerifier [0x00C46A47+3781319]
GetHandleVerifier [0x00C46E36+3782326]
GetHandleVerifier [0x00C46765+3780581]
GetHandleVerifier [0x00C4C392+3804178]
GetHandleVerifier [0x00C46721+3780513]
GetHandleVerifier [0x00C474B2+3783986]
GetHandleVerifier [0x00C46A47+3781319]
GetHandleVerifier [0x00C46E36+3782326]
GetHandleVerifier [0x00C46765+3780581]
GetHandleVerifier [0x00C4B655+3800789]
GetHandleVerifier [0x00C46721+3780513]
GetHandleVerifier [0x00C474B2+3783986]
GetHandleVerifier [0x00C46A47+3781319]
GetHandleVerifier [0x00C46E36+3782326]
GetHandleVerifier [0x00C46765+3780581]
GetHandleVerifier [0x00C42F46+3766214]
GetHandleVerifier [0x00C46721+3780513]
GetHandleVerifier [0x00C46543+3780035]
GetHandleVerifier [0x00C46337+3779511]
GetHandleVerifier [0x00C54540+3837376]
GetHandleVerifier [0x00C8F4BC+4078908]
GetHandleVerifier [0x00C8E56C+4074988]
GetHandleVerifier [0x00C8B2EB+4062059]
GetHandleVerifier [0x00C6ED14+3945876]
GetHandleVerifier [0x00C6FBCE+3949646]
GetHandleVerifier [0x00C6FB59+3949529]
Ordinal0 [0x0086B5CC+46540]
Ordinal0 [0x00869F53+40787]
Ordinal0 [0x00869B12+39698]
GetHandleVerifier [0x00B71468+2907368]
GetHandleVerifier [0x009B71EE+1096302]
GetHandleVerifier [0x00973E8D+821005]
GetHandleVerifier [0x0097396B+819691]
GetHandleVerifier [0x00973881+819457]
GetHandleVerifier [0x0099F463+998627]
BaseThreadInitThunk [0x76F4FA29+25]
RtlGetAppContainerNamedObjectPath [0x77DA75F4+228]
RtlGetAppContainerNamedObjectPath [0x77DA75C4+180]
]]>
            </message>
            <full-stacktrace>
              <![CDATA[org.openqa.selenium.SessionNotCreatedException: session not created
from timeout: Timed out receiving message from renderer: 600.000
  (Session info: chrome=88.0.4324.182)
Build info: version: '3.141.59', revision: 'e82be7d358', time: '2018-11-14T08:17:03'
System info: host: 'SUBHANGIS-LPT', ip: '172.30.100.53', os.name: 'Windows 10', os.arch: 'amd64', os.version: '10.0', java.version: '1.8.0_261'
Driver info: driver.version: ChromeDriver
remote stacktrace: Backtrace:
GetHandleVerifier [0x008AB963+483]
GetHandleVerifier [0x008AB941+449]
GetHandleVerifier [0x00C53308+3832712]
GetHandleVerifier [0x00C4778C+3784716]
GetHandleVerifier [0x00C46A47+3781319]
GetHandleVerifier [0x00C46E36+3782326]
GetHandleVerifier [0x00C46765+3780581]
GetHandleVerifier [0x00C4FB21+3818401]
GetHandleVerifier [0x00C46721+3780513]
GetHandleVerifier [0x00C474B2+3783986]
GetHandleVerifier [0x00C46A47+3781319]
GetHandleVerifier [0x00C46E36+3782326]
GetHandleVerifier [0x00C46765+3780581]
GetHandleVerifier [0x00C4DF9C+3811356]
GetHandleVerifier [0x00C46721+3780513]
GetHandleVerifier [0x00C474B2+3783986]
GetHandleVerifier [0x00C46A47+3781319]
GetHandleVerifier [0x00C46E36+3782326]
GetHandleVerifier [0x00C46765+3780581]
GetHandleVerifier [0x00C4C392+3804178]
GetHandleVerifier [0x00C46721+3780513]
GetHandleVerifier [0x00C474B2+3783986]
GetHandleVerifier [0x00C46A47+3781319]
GetHandleVerifier [0x00C46E36+3782326]
GetHandleVerifier [0x00C46765+3780581]
GetHandleVerifier [0x00C4B655+3800789]
GetHandleVerifier [0x00C46721+3780513]
GetHandleVerifier [0x00C474B2+3783986]
GetHandleVerifier [0x00C46A47+3781319]
GetHandleVerifier [0x00C46E36+3782326]
GetHandleVerifier [0x00C46765+3780581]
GetHandleVerifier [0x00C42F46+3766214]
GetHandleVerifier [0x00C46721+3780513]
GetHandleVerifier [0x00C46543+3780035]
GetHandleVerifier [0x00C46337+3779511]
GetHandleVerifier [0x00C54540+3837376]
GetHandleVerifier [0x00C8F4BC+4078908]
GetHandleVerifier [0x00C8E56C+4074988]
GetHandleVerifier [0x00C8B2EB+4062059]
GetHandleVerifier [0x00C6ED14+3945876]
GetHandleVerifier [0x00C6FBCE+3949646]
GetHandleVerifier [0x00C6FB59+3949529]
Ordinal0 [0x0086B5CC+46540]
Ordinal0 [0x00869F53+40787]
Ordinal0 [0x00869B12+39698]
GetHandleVerifier [0x00B71468+2907368]
GetHandleVerifier [0x009B71EE+1096302]
GetHandleVerifier [0x00973E8D+821005]
GetHandleVerifier [0x0097396B+819691]
GetHandleVerifier [0x00973881+819457]
GetHandleVerifier [0x0099F463+998627]
BaseThreadInitThunk [0x76F4FA29+25]
RtlGetAppContainerNamedObjectPath [0x77DA75F4+228]
RtlGetAppContainerNamedObjectPath [0x77DA75C4+180]

at sun.reflect.NativeConstructorAccessorImpl.newInstance0(Native Method)
at sun.reflect.NativeConstructorAccessorImpl.newInstance(NativeConstructorAccessorImpl.java:62)
at sun.reflect.DelegatingConstructorAccessorImpl.newInstance(DelegatingConstructorAccessorImpl.java:45)
at java.lang.reflect.Constructor.newInstance(Constructor.java:423)
at org.openqa.selenium.remote.W3CHandshakeResponse.lambda$errorHandler$0(W3CHandshakeResponse.java:62)
at org.openqa.selenium.remote.HandshakeResponse.lambda$getResponseFunction$0(HandshakeResponse.java:30)
at org.openqa.selenium.remote.ProtocolHandshake.lambda$createSession$0(ProtocolHandshake.java:126)
at java.util.stream.ReferencePipeline$3$1.accept(ReferencePipeline.java:193)
at java.util.Spliterators$ArraySpliterator.tryAdvance(Spliterators.java:958)
at java.util.stream.ReferencePipeline.forEachWithCancel(ReferencePipeline.java:126)
at java.util.stream.AbstractPipeline.copyIntoWithCancel(AbstractPipeline.java:499)
at java.util.stream.AbstractPipeline.copyInto(AbstractPipeline.java:486)
at java.util.stream.AbstractPipeline.wrapAndCopyInto(AbstractPipeline.java:472)
at java.util.stream.FindOps$FindOp.evaluateSequential(FindOps.java:152)
at java.util.stream.AbstractPipeline.evaluate(AbstractPipeline.java:234)
at java.util.stream.ReferencePipeline.findFirst(ReferencePipeline.java:464)
at org.openqa.selenium.remote.ProtocolHandshake.createSession(ProtocolHandshake.java:128)
at org.openqa.selenium.remote.ProtocolHandshake.createSession(ProtocolHandshake.java:74)
at org.openqa.selenium.remote.HttpCommandExecutor.execute(HttpCommandExecutor.java:136)
at org.openqa.selenium.remote.service.DriverCommandExecutor.execute(DriverCommandExecutor.java:83)
at org.openqa.selenium.remote.RemoteWebDriver.execute(RemoteWebDriver.java:552)
at org.openqa.selenium.remote.RemoteWebDriver.startSession(RemoteWebDriver.java:213)
at org.openqa.selenium.remote.RemoteWebDriver.<init>(RemoteWebDriver.java:131)
at org.openqa.selenium.chrome.ChromeDriver.<init>(ChromeDriver.java:181)
at org.openqa.selenium.chrome.ChromeDriver.<init>(ChromeDriver.java:168)
at org.openqa.selenium.chrome.ChromeDriver.<init>(ChromeDriver.java:123)
at com.basepk.BaseClass.OpenBrowserGrade(BaseClass.java:55)
at sun.reflect.NativeMethodAccessorImpl.invoke0(Native Method)
at sun.reflect.NativeMethodAccessorImpl.invoke(NativeMethodAccessorImpl.java:62)
at sun.reflect.DelegatingMethodAccessorImpl.invoke(DelegatingMethodAccessorImpl.java:43)
at java.lang.reflect.Method.invoke(Method.java:498)
at org.testng.internal.MethodInvocationHelper.invokeMethod(MethodInvocationHelper.java:132)
at org.testng.internal.MethodInvocationHelper.invokeMethodConsideringTimeout(MethodInvocationHelper.java:61)
at org.testng.internal.ConfigInvoker.invokeConfigurationMethod(ConfigInvoker.java:366)
at org.testng.internal.ConfigInvoker.invokeConfigurations(ConfigInvoker.java:320)
at org.testng.SuiteRunner.privateRun(SuiteRunner.java:327)
at org.testng.SuiteRunner.run(SuiteRunner.java:286)
at org.testng.SuiteRunnerWorker.runSuite(SuiteRunnerWorker.java:53)
at org.testng.SuiteRunnerWorker.run(SuiteRunnerWorker.java:96)
at org.testng.TestNG.runSuitesSequentially(TestNG.java:1218)
at org.testng.TestNG.runSuitesSequentially(TestNG.java:1213)
at org.testng.TestNG.runSuitesLocally(TestNG.java:1140)
at org.testng.TestNG.runSuites(TestNG.java:1069)
at org.testng.TestNG.run(TestNG.java:1037)
at org.apache.maven.surefire.testng.TestNGExecutor.run(TestNGExecutor.java:283)
at org.apache.maven.surefire.testng.TestNGXmlTestSuite.execute(TestNGXmlTestSuite.java:75)
at org.apache.maven.surefire.testng.TestNGProvider.invoke(TestNGProvider.java:120)
at org.apache.maven.surefire.booter.ForkedBooter.runSuitesInProcess(ForkedBooter.java:377)
at org.apache.maven.surefire.booter.ForkedBooter.execute(ForkedBooter.java:138)
at org.apache.maven.surefire.booter.ForkedBooter.run(ForkedBooter.java:465)
at org.apache.maven.surefire.booter.ForkedBooter.main(ForkedBooter.java:451)
]]>
            </full-stacktrace>
          </exception> <!-- org.openqa.selenium.SessionNotCreatedException -->
          <reporter-output>
          </reporter-output>
        </test-method> <!-- OpenBrowserGrade -->
        <test-method status="SKIP" signature="verifyLogin()[pri:0, instance:com.vanran.tests.ItemsEditTest@64bfbc86]" name="verifyLogin" duration-ms="0" started-at="2021-02-26T15:17:27 IST" finished-at="2021-02-26T15:17:27 IST">
          <exception class="org.openqa.selenium.SessionNotCreatedException">
            <message>
              <![CDATA[session not created
from timeout: Timed out receiving message from renderer: 600.000
  (Session info: chrome=88.0.4324.182)
Build info: version: '3.141.59', revision: 'e82be7d358', time: '2018-11-14T08:17:03'
System info: host: 'SUBHANGIS-LPT', ip: '172.30.100.53', os.name: 'Windows 10', os.arch: 'amd64', os.version: '10.0', java.version: '1.8.0_261'
Driver info: driver.version: ChromeDriver
remote stacktrace: Backtrace:
GetHandleVerifier [0x008AB963+483]
GetHandleVerifier [0x008AB941+449]
GetHandleVerifier [0x00C53308+3832712]
GetHandleVerifier [0x00C4778C+3784716]
GetHandleVerifier [0x00C46A47+3781319]
GetHandleVerifier [0x00C46E36+3782326]
GetHandleVerifier [0x00C46765+3780581]
GetHandleVerifier [0x00C4FB21+3818401]
GetHandleVerifier [0x00C46721+3780513]
GetHandleVerifier [0x00C474B2+3783986]
GetHandleVerifier [0x00C46A47+3781319]
GetHandleVerifier [0x00C46E36+3782326]
GetHandleVerifier [0x00C46765+3780581]
GetHandleVerifier [0x00C4DF9C+3811356]
GetHandleVerifier [0x00C46721+3780513]
GetHandleVerifier [0x00C474B2+3783986]
GetHandleVerifier [0x00C46A47+3781319]
GetHandleVerifier [0x00C46E36+3782326]
GetHandleVerifier [0x00C46765+3780581]
GetHandleVerifier [0x00C4C392+3804178]
GetHandleVerifier [0x00C46721+3780513]
GetHandleVerifier [0x00C474B2+3783986]
GetHandleVerifier [0x00C46A47+3781319]
GetHandleVerifier [0x00C46E36+3782326]
GetHandleVerifier [0x00C46765+3780581]
GetHandleVerifier [0x00C4B655+3800789]
GetHandleVerifier [0x00C46721+3780513]
GetHandleVerifier [0x00C474B2+3783986]
GetHandleVerifier [0x00C46A47+3781319]
GetHandleVerifier [0x00C46E36+3782326]
GetHandleVerifier [0x00C46765+3780581]
GetHandleVerifier [0x00C42F46+3766214]
GetHandleVerifier [0x00C46721+3780513]
GetHandleVerifier [0x00C46543+3780035]
GetHandleVerifier [0x00C46337+3779511]
GetHandleVerifier [0x00C54540+3837376]
GetHandleVerifier [0x00C8F4BC+4078908]
GetHandleVerifier [0x00C8E56C+4074988]
GetHandleVerifier [0x00C8B2EB+4062059]
GetHandleVerifier [0x00C6ED14+3945876]
GetHandleVerifier [0x00C6FBCE+3949646]
GetHandleVerifier [0x00C6FB59+3949529]
Ordinal0 [0x0086B5CC+46540]
Ordinal0 [0x00869F53+40787]
Ordinal0 [0x00869B12+39698]
GetHandleVerifier [0x00B71468+2907368]
GetHandleVerifier [0x009B71EE+1096302]
GetHandleVerifier [0x00973E8D+821005]
GetHandleVerifier [0x0097396B+819691]
GetHandleVerifier [0x00973881+819457]
GetHandleVerifier [0x0099F463+998627]
BaseThreadInitThunk [0x76F4FA29+25]
RtlGetAppContainerNamedObjectPath [0x77DA75F4+228]
RtlGetAppContainerNamedObjectPath [0x77DA75C4+180]
]]>
            </message>
            <full-stacktrace>
              <![CDATA[org.openqa.selenium.SessionNotCreatedException: session not created
from timeout: Timed out receiving message from renderer: 600.000
  (Session info: chrome=88.0.4324.182)
Build info: version: '3.141.59', revision: 'e82be7d358', time: '2018-11-14T08:17:03'
System info: host: 'SUBHANGIS-LPT', ip: '172.30.100.53', os.name: 'Windows 10', os.arch: 'amd64', os.version: '10.0', java.version: '1.8.0_261'
Driver info: driver.version: ChromeDriver
remote stacktrace: Backtrace:
GetHandleVerifier [0x008AB963+483]
GetHandleVerifier [0x008AB941+449]
GetHandleVerifier [0x00C53308+3832712]
GetHandleVerifier [0x00C4778C+3784716]
GetHandleVerifier [0x00C46A47+3781319]
GetHandleVerifier [0x00C46E36+3782326]
GetHandleVerifier [0x00C46765+3780581]
GetHandleVerifier [0x00C4FB21+3818401]
GetHandleVerifier [0x00C46721+3780513]
GetHandleVerifier [0x00C474B2+3783986]
GetHandleVerifier [0x00C46A47+3781319]
GetHandleVerifier [0x00C46E36+3782326]
GetHandleVerifier [0x00C46765+3780581]
GetHandleVerifier [0x00C4DF9C+3811356]
GetHandleVerifier [0x00C46721+3780513]
GetHandleVerifier [0x00C474B2+3783986]
GetHandleVerifier [0x00C46A47+3781319]
GetHandleVerifier [0x00C46E36+3782326]
GetHandleVerifier [0x00C46765+3780581]
GetHandleVerifier [0x00C4C392+3804178]
GetHandleVerifier [0x00C46721+3780513]
GetHandleVerifier [0x00C474B2+3783986]
GetHandleVerifier [0x00C46A47+3781319]
GetHandleVerifier [0x00C46E36+3782326]
GetHandleVerifier [0x00C46765+3780581]
GetHandleVerifier [0x00C4B655+3800789]
GetHandleVerifier [0x00C46721+3780513]
GetHandleVerifier [0x00C474B2+3783986]
GetHandleVerifier [0x00C46A47+3781319]
GetHandleVerifier [0x00C46E36+3782326]
GetHandleVerifier [0x00C46765+3780581]
GetHandleVerifier [0x00C42F46+3766214]
GetHandleVerifier [0x00C46721+3780513]
GetHandleVerifier [0x00C46543+3780035]
GetHandleVerifier [0x00C46337+3779511]
GetHandleVerifier [0x00C54540+3837376]
GetHandleVerifier [0x00C8F4BC+4078908]
GetHandleVerifier [0x00C8E56C+4074988]
GetHandleVerifier [0x00C8B2EB+4062059]
GetHandleVerifier [0x00C6ED14+3945876]
GetHandleVerifier [0x00C6FBCE+3949646]
GetHandleVerifier [0x00C6FB59+3949529]
Ordinal0 [0x0086B5CC+46540]
Ordinal0 [0x00869F53+40787]
Ordinal0 [0x00869B12+39698]
GetHandleVerifier [0x00B71468+2907368]
GetHandleVerifier [0x009B71EE+1096302]
GetHandleVerifier [0x00973E8D+821005]
GetHandleVerifier [0x0097396B+819691]
GetHandleVerifier [0x00973881+819457]
GetHandleVerifier [0x0099F463+998627]
BaseThreadInitThunk [0x76F4FA29+25]
RtlGetAppContainerNamedObjectPath [0x77DA75F4+228]
RtlGetAppContainerNamedObjectPath [0x77DA75C4+180]

at sun.reflect.NativeConstructorAccessorImpl.newInstance0(Native Method)
at sun.reflect.NativeConstructorAccessorImpl.newInstance(NativeConstructorAccessorImpl.java:62)
at sun.reflect.DelegatingConstructorAccessorImpl.newInstance(DelegatingConstructorAccessorImpl.java:45)
at java.lang.reflect.Constructor.newInstance(Constructor.java:423)
at org.openqa.selenium.remote.W3CHandshakeResponse.lambda$errorHandler$0(W3CHandshakeResponse.java:62)
at org.openqa.selenium.remote.HandshakeResponse.lambda$getResponseFunction$0(HandshakeResponse.java:30)
at org.openqa.selenium.remote.ProtocolHandshake.lambda$createSession$0(ProtocolHandshake.java:126)
at java.util.stream.ReferencePipeline$3$1.accept(ReferencePipeline.java:193)
at java.util.Spliterators$ArraySpliterator.tryAdvance(Spliterators.java:958)
at java.util.stream.ReferencePipeline.forEachWithCancel(ReferencePipeline.java:126)
at java.util.stream.AbstractPipeline.copyIntoWithCancel(AbstractPipeline.java:499)
at java.util.stream.AbstractPipeline.copyInto(AbstractPipeline.java:486)
at java.util.stream.AbstractPipeline.wrapAndCopyInto(AbstractPipeline.java:472)
at java.util.stream.FindOps$FindOp.evaluateSequential(FindOps.java:152)
at java.util.stream.AbstractPipeline.evaluate(AbstractPipeline.java:234)
at java.util.stream.ReferencePipeline.findFirst(ReferencePipeline.java:464)
at org.openqa.selenium.remote.ProtocolHandshake.createSession(ProtocolHandshake.java:128)
at org.openqa.selenium.remote.ProtocolHandshake.createSession(ProtocolHandshake.java:74)
at org.openqa.selenium.remote.HttpCommandExecutor.execute(HttpCommandExecutor.java:136)
at org.openqa.selenium.remote.service.DriverCommandExecutor.execute(DriverCommandExecutor.java:83)
at org.openqa.selenium.remote.RemoteWebDriver.execute(RemoteWebDriver.java:552)
at org.openqa.selenium.remote.RemoteWebDriver.startSession(RemoteWebDriver.java:213)
at org.openqa.selenium.remote.RemoteWebDriver.<init>(RemoteWebDriver.java:131)
at org.openqa.selenium.chrome.ChromeDriver.<init>(ChromeDriver.java:181)
at org.openqa.selenium.chrome.ChromeDriver.<init>(ChromeDriver.java:168)
at org.openqa.selenium.chrome.ChromeDriver.<init>(ChromeDriver.java:123)
at com.basepk.BaseClass.OpenBrowserGrade(BaseClass.java:55)
at sun.reflect.NativeMethodAccessorImpl.invoke0(Native Method)
at sun.reflect.NativeMethodAccessorImpl.invoke(NativeMethodAccessorImpl.java:62)
at sun.reflect.DelegatingMethodAccessorImpl.invoke(DelegatingMethodAccessorImpl.java:43)
at java.lang.reflect.Method.invoke(Method.java:498)
at org.testng.internal.MethodInvocationHelper.invokeMethod(MethodInvocationHelper.java:132)
at org.testng.internal.MethodInvocationHelper.invokeMethodConsideringTimeout(MethodInvocationHelper.java:61)
at org.testng.internal.ConfigInvoker.invokeConfigurationMethod(ConfigInvoker.java:366)
at org.testng.internal.ConfigInvoker.invokeConfigurations(ConfigInvoker.java:320)
at org.testng.SuiteRunner.privateRun(SuiteRunner.java:327)
at org.testng.SuiteRunner.run(SuiteRunner.java:286)
at org.testng.SuiteRunnerWorker.runSuite(SuiteRunnerWorker.java:53)
at org.testng.SuiteRunnerWorker.run(SuiteRunnerWorker.java:96)
at org.testng.TestNG.runSuitesSequentially(TestNG.java:1218)
at org.testng.TestNG.runSuitesSequentially(TestNG.java:1213)
at org.testng.TestNG.runSuitesLocally(TestNG.java:1140)
at org.testng.TestNG.runSuites(TestNG.java:1069)
at org.testng.TestNG.run(TestNG.java:1037)
at org.apache.maven.surefire.testng.TestNGExecutor.run(TestNGExecutor.java:283)
at org.apache.maven.surefire.testng.TestNGXmlTestSuite.execute(TestNGXmlTestSuite.java:75)
at org.apache.maven.surefire.testng.TestNGProvider.invoke(TestNGProvider.java:120)
at org.apache.maven.surefire.booter.ForkedBooter.runSuitesInProcess(ForkedBooter.java:377)
at org.apache.maven.surefire.booter.ForkedBooter.execute(ForkedBooter.java:138)
at org.apache.maven.surefire.booter.ForkedBooter.run(ForkedBooter.java:465)
at org.apache.maven.surefire.booter.ForkedBooter.main(ForkedBooter.java:451)
]]>
            </full-stacktrace>
          </exception> <!-- org.openqa.selenium.SessionNotCreatedException -->
          <reporter-output>
          </reporter-output>
        </test-method> <!-- verifyLogin -->
        <test-method status="SKIP" signature="verifyclickOnApplicationSetting()[pri:1, instance:com.vanran.tests.ItemsEditTest@64bfbc86]" name="verifyclickOnApplicationSetting" duration-ms="0" started-at="2021-02-26T15:17:27 IST" finished-at="2021-02-26T15:17:27 IST">
          <exception class="org.openqa.selenium.SessionNotCreatedException">
            <message>
              <![CDATA[session not created
from timeout: Timed out receiving message from renderer: 600.000
  (Session info: chrome=88.0.4324.182)
Build info: version: '3.141.59', revision: 'e82be7d358', time: '2018-11-14T08:17:03'
System info: host: 'SUBHANGIS-LPT', ip: '172.30.100.53', os.name: 'Windows 10', os.arch: 'amd64', os.version: '10.0', java.version: '1.8.0_261'
Driver info: driver.version: ChromeDriver
remote stacktrace: Backtrace:
GetHandleVerifier [0x008AB963+483]
GetHandleVerifier [0x008AB941+449]
GetHandleVerifier [0x00C53308+3832712]
GetHandleVerifier [0x00C4778C+3784716]
GetHandleVerifier [0x00C46A47+3781319]
GetHandleVerifier [0x00C46E36+3782326]
GetHandleVerifier [0x00C46765+3780581]
GetHandleVerifier [0x00C4FB21+3818401]
GetHandleVerifier [0x00C46721+3780513]
GetHandleVerifier [0x00C474B2+3783986]
GetHandleVerifier [0x00C46A47+3781319]
GetHandleVerifier [0x00C46E36+3782326]
GetHandleVerifier [0x00C46765+3780581]
GetHandleVerifier [0x00C4DF9C+3811356]
GetHandleVerifier [0x00C46721+3780513]
GetHandleVerifier [0x00C474B2+3783986]
GetHandleVerifier [0x00C46A47+3781319]
GetHandleVerifier [0x00C46E36+3782326]
GetHandleVerifier [0x00C46765+3780581]
GetHandleVerifier [0x00C4C392+3804178]
GetHandleVerifier [0x00C46721+3780513]
GetHandleVerifier [0x00C474B2+3783986]
GetHandleVerifier [0x00C46A47+3781319]
GetHandleVerifier [0x00C46E36+3782326]
GetHandleVerifier [0x00C46765+3780581]
GetHandleVerifier [0x00C4B655+3800789]
GetHandleVerifier [0x00C46721+3780513]
GetHandleVerifier [0x00C474B2+3783986]
GetHandleVerifier [0x00C46A47+3781319]
GetHandleVerifier [0x00C46E36+3782326]
GetHandleVerifier [0x00C46765+3780581]
GetHandleVerifier [0x00C42F46+3766214]
GetHandleVerifier [0x00C46721+3780513]
GetHandleVerifier [0x00C46543+3780035]
GetHandleVerifier [0x00C46337+3779511]
GetHandleVerifier [0x00C54540+3837376]
GetHandleVerifier [0x00C8F4BC+4078908]
GetHandleVerifier [0x00C8E56C+4074988]
GetHandleVerifier [0x00C8B2EB+4062059]
GetHandleVerifier [0x00C6ED14+3945876]
GetHandleVerifier [0x00C6FBCE+3949646]
GetHandleVerifier [0x00C6FB59+3949529]
Ordinal0 [0x0086B5CC+46540]
Ordinal0 [0x00869F53+40787]
Ordinal0 [0x00869B12+39698]
GetHandleVerifier [0x00B71468+2907368]
GetHandleVerifier [0x009B71EE+1096302]
GetHandleVerifier [0x00973E8D+821005]
GetHandleVerifier [0x0097396B+819691]
GetHandleVerifier [0x00973881+819457]
GetHandleVerifier [0x0099F463+998627]
BaseThreadInitThunk [0x76F4FA29+25]
RtlGetAppContainerNamedObjectPath [0x77DA75F4+228]
RtlGetAppContainerNamedObjectPath [0x77DA75C4+180]
]]>
            </message>
            <full-stacktrace>
              <![CDATA[org.openqa.selenium.SessionNotCreatedException: session not created
from timeout: Timed out receiving message from renderer: 600.000
  (Session info: chrome=88.0.4324.182)
Build info: version: '3.141.59', revision: 'e82be7d358', time: '2018-11-14T08:17:03'
System info: host: 'SUBHANGIS-LPT', ip: '172.30.100.53', os.name: 'Windows 10', os.arch: 'amd64', os.version: '10.0', java.version: '1.8.0_261'
Driver info: driver.version: ChromeDriver
remote stacktrace: Backtrace:
GetHandleVerifier [0x008AB963+483]
GetHandleVerifier [0x008AB941+449]
GetHandleVerifier [0x00C53308+3832712]
GetHandleVerifier [0x00C4778C+3784716]
GetHandleVerifier [0x00C46A47+3781319]
GetHandleVerifier [0x00C46E36+3782326]
GetHandleVerifier [0x00C46765+3780581]
GetHandleVerifier [0x00C4FB21+3818401]
GetHandleVerifier [0x00C46721+3780513]
GetHandleVerifier [0x00C474B2+3783986]
GetHandleVerifier [0x00C46A47+3781319]
GetHandleVerifier [0x00C46E36+3782326]
GetHandleVerifier [0x00C46765+3780581]
GetHandleVerifier [0x00C4DF9C+3811356]
GetHandleVerifier [0x00C46721+3780513]
GetHandleVerifier [0x00C474B2+3783986]
GetHandleVerifier [0x00C46A47+3781319]
GetHandleVerifier [0x00C46E36+3782326]
GetHandleVerifier [0x00C46765+3780581]
GetHandleVerifier [0x00C4C392+3804178]
GetHandleVerifier [0x00C46721+3780513]
GetHandleVerifier [0x00C474B2+3783986]
GetHandleVerifier [0x00C46A47+3781319]
GetHandleVerifier [0x00C46E36+3782326]
GetHandleVerifier [0x00C46765+3780581]
GetHandleVerifier [0x00C4B655+3800789]
GetHandleVerifier [0x00C46721+3780513]
GetHandleVerifier [0x00C474B2+3783986]
GetHandleVerifier [0x00C46A47+3781319]
GetHandleVerifier [0x00C46E36+3782326]
GetHandleVerifier [0x00C46765+3780581]
GetHandleVerifier [0x00C42F46+3766214]
GetHandleVerifier [0x00C46721+3780513]
GetHandleVerifier [0x00C46543+3780035]
GetHandleVerifier [0x00C46337+3779511]
GetHandleVerifier [0x00C54540+3837376]
GetHandleVerifier [0x00C8F4BC+4078908]
GetHandleVerifier [0x00C8E56C+4074988]
GetHandleVerifier [0x00C8B2EB+4062059]
GetHandleVerifier [0x00C6ED14+3945876]
GetHandleVerifier [0x00C6FBCE+3949646]
GetHandleVerifier [0x00C6FB59+3949529]
Ordinal0 [0x0086B5CC+46540]
Ordinal0 [0x00869F53+40787]
Ordinal0 [0x00869B12+39698]
GetHandleVerifier [0x00B71468+2907368]
GetHandleVerifier [0x009B71EE+1096302]
GetHandleVerifier [0x00973E8D+821005]
GetHandleVerifier [0x0097396B+819691]
GetHandleVerifier [0x00973881+819457]
GetHandleVerifier [0x0099F463+998627]
BaseThreadInitThunk [0x76F4FA29+25]
RtlGetAppContainerNamedObjectPath [0x77DA75F4+228]
RtlGetAppContainerNamedObjectPath [0x77DA75C4+180]

at sun.reflect.NativeConstructorAccessorImpl.newInstance0(Native Method)
at sun.reflect.NativeConstructorAccessorImpl.newInstance(NativeConstructorAccessorImpl.java:62)
at sun.reflect.DelegatingConstructorAccessorImpl.newInstance(DelegatingConstructorAccessorImpl.java:45)
at java.lang.reflect.Constructor.newInstance(Constructor.java:423)
at org.openqa.selenium.remote.W3CHandshakeResponse.lambda$errorHandler$0(W3CHandshakeResponse.java:62)
at org.openqa.selenium.remote.HandshakeResponse.lambda$getResponseFunction$0(HandshakeResponse.java:30)
at org.openqa.selenium.remote.ProtocolHandshake.lambda$createSession$0(ProtocolHandshake.java:126)
at java.util.stream.ReferencePipeline$3$1.accept(ReferencePipeline.java:193)
at java.util.Spliterators$ArraySpliterator.tryAdvance(Spliterators.java:958)
at java.util.stream.ReferencePipeline.forEachWithCancel(ReferencePipeline.java:126)
at java.util.stream.AbstractPipeline.copyIntoWithCancel(AbstractPipeline.java:499)
at java.util.stream.AbstractPipeline.copyInto(AbstractPipeline.java:486)
at java.util.stream.AbstractPipeline.wrapAndCopyInto(AbstractPipeline.java:472)
at java.util.stream.FindOps$FindOp.evaluateSequential(FindOps.java:152)
at java.util.stream.AbstractPipeline.evaluate(AbstractPipeline.java:234)
at java.util.stream.ReferencePipeline.findFirst(ReferencePipeline.java:464)
at org.openqa.selenium.remote.ProtocolHandshake.createSession(ProtocolHandshake.java:128)
at org.openqa.selenium.remote.ProtocolHandshake.createSession(ProtocolHandshake.java:74)
at org.openqa.selenium.remote.HttpCommandExecutor.execute(HttpCommandExecutor.java:136)
at org.openqa.selenium.remote.service.DriverCommandExecutor.execute(DriverCommandExecutor.java:83)
at org.openqa.selenium.remote.RemoteWebDriver.execute(RemoteWebDriver.java:552)
at org.openqa.selenium.remote.RemoteWebDriver.startSession(RemoteWebDriver.java:213)
at org.openqa.selenium.remote.RemoteWebDriver.<init>(RemoteWebDriver.java:131)
at org.openqa.selenium.chrome.ChromeDriver.<init>(ChromeDriver.java:181)
at org.openqa.selenium.chrome.ChromeDriver.<init>(ChromeDriver.java:168)
at org.openqa.selenium.chrome.ChromeDriver.<init>(ChromeDriver.java:123)
at com.basepk.BaseClass.OpenBrowserGrade(BaseClass.java:55)
at sun.reflect.NativeMethodAccessorImpl.invoke0(Native Method)
at sun.reflect.NativeMethodAccessorImpl.invoke(NativeMethodAccessorImpl.java:62)
at sun.reflect.DelegatingMethodAccessorImpl.invoke(DelegatingMethodAccessorImpl.java:43)
at java.lang.reflect.Method.invoke(Method.java:498)
at org.testng.internal.MethodInvocationHelper.invokeMethod(MethodInvocationHelper.java:132)
at org.testng.internal.MethodInvocationHelper.invokeMethodConsideringTimeout(MethodInvocationHelper.java:61)
at org.testng.internal.ConfigInvoker.invokeConfigurationMethod(ConfigInvoker.java:366)
at org.testng.internal.ConfigInvoker.invokeConfigurations(ConfigInvoker.java:320)
at org.testng.SuiteRunner.privateRun(SuiteRunner.java:327)
at org.testng.SuiteRunner.run(SuiteRunner.java:286)
at org.testng.SuiteRunnerWorker.runSuite(SuiteRunnerWorker.java:53)
at org.testng.SuiteRunnerWorker.run(SuiteRunnerWorker.java:96)
at org.testng.TestNG.runSuitesSequentially(TestNG.java:1218)
at org.testng.TestNG.runSuitesSequentially(TestNG.java:1213)
at org.testng.TestNG.runSuitesLocally(TestNG.java:1140)
at org.testng.TestNG.runSuites(TestNG.java:1069)
at org.testng.TestNG.run(TestNG.java:1037)
at org.apache.maven.surefire.testng.TestNGExecutor.run(TestNGExecutor.java:283)
at org.apache.maven.surefire.testng.TestNGXmlTestSuite.execute(TestNGXmlTestSuite.java:75)
at org.apache.maven.surefire.testng.TestNGProvider.invoke(TestNGProvider.java:120)
at org.apache.maven.surefire.booter.ForkedBooter.runSuitesInProcess(ForkedBooter.java:377)
at org.apache.maven.surefire.booter.ForkedBooter.execute(ForkedBooter.java:138)
at org.apache.maven.surefire.booter.ForkedBooter.run(ForkedBooter.java:465)
at org.apache.maven.surefire.booter.ForkedBooter.main(ForkedBooter.java:451)
]]>
            </full-stacktrace>
          </exception> <!-- org.openqa.selenium.SessionNotCreatedException -->
          <reporter-output>
          </reporter-output>
        </test-method> <!-- verifyclickOnApplicationSetting -->
        <test-method status="SKIP" signature="verifyclickOnItems()[pri:2, instance:com.vanran.tests.ItemsEditTest@64bfbc86]" name="verifyclickOnItems" duration-ms="0" started-at="2021-02-26T15:17:27 IST" finished-at="2021-02-26T15:17:27 IST">
          <exception class="org.openqa.selenium.SessionNotCreatedException">
            <message>
              <![CDATA[session not created
from timeout: Timed out receiving message from renderer: 600.000
  (Session info: chrome=88.0.4324.182)
Build info: version: '3.141.59', revision: 'e82be7d358', time: '2018-11-14T08:17:03'
System info: host: 'SUBHANGIS-LPT', ip: '172.30.100.53', os.name: 'Windows 10', os.arch: 'amd64', os.version: '10.0', java.version: '1.8.0_261'
Driver info: driver.version: ChromeDriver
remote stacktrace: Backtrace:
GetHandleVerifier [0x008AB963+483]
GetHandleVerifier [0x008AB941+449]
GetHandleVerifier [0x00C53308+3832712]
GetHandleVerifier [0x00C4778C+3784716]
GetHandleVerifier [0x00C46A47+3781319]
GetHandleVerifier [0x00C46E36+3782326]
GetHandleVerifier [0x00C46765+3780581]
GetHandleVerifier [0x00C4FB21+3818401]
GetHandleVerifier [0x00C46721+3780513]
GetHandleVerifier [0x00C474B2+3783986]
GetHandleVerifier [0x00C46A47+3781319]
GetHandleVerifier [0x00C46E36+3782326]
GetHandleVerifier [0x00C46765+3780581]
GetHandleVerifier [0x00C4DF9C+3811356]
GetHandleVerifier [0x00C46721+3780513]
GetHandleVerifier [0x00C474B2+3783986]
GetHandleVerifier [0x00C46A47+3781319]
GetHandleVerifier [0x00C46E36+3782326]
GetHandleVerifier [0x00C46765+3780581]
GetHandleVerifier [0x00C4C392+3804178]
GetHandleVerifier [0x00C46721+3780513]
GetHandleVerifier [0x00C474B2+3783986]
GetHandleVerifier [0x00C46A47+3781319]
GetHandleVerifier [0x00C46E36+3782326]
GetHandleVerifier [0x00C46765+3780581]
GetHandleVerifier [0x00C4B655+3800789]
GetHandleVerifier [0x00C46721+3780513]
GetHandleVerifier [0x00C474B2+3783986]
GetHandleVerifier [0x00C46A47+3781319]
GetHandleVerifier [0x00C46E36+3782326]
GetHandleVerifier [0x00C46765+3780581]
GetHandleVerifier [0x00C42F46+3766214]
GetHandleVerifier [0x00C46721+3780513]
GetHandleVerifier [0x00C46543+3780035]
GetHandleVerifier [0x00C46337+3779511]
GetHandleVerifier [0x00C54540+3837376]
GetHandleVerifier [0x00C8F4BC+4078908]
GetHandleVerifier [0x00C8E56C+4074988]
GetHandleVerifier [0x00C8B2EB+4062059]
GetHandleVerifier [0x00C6ED14+3945876]
GetHandleVerifier [0x00C6FBCE+3949646]
GetHandleVerifier [0x00C6FB59+3949529]
Ordinal0 [0x0086B5CC+46540]
Ordinal0 [0x00869F53+40787]
Ordinal0 [0x00869B12+39698]
GetHandleVerifier [0x00B71468+2907368]
GetHandleVerifier [0x009B71EE+1096302]
GetHandleVerifier [0x00973E8D+821005]
GetHandleVerifier [0x0097396B+819691]
GetHandleVerifier [0x00973881+819457]
GetHandleVerifier [0x0099F463+998627]
BaseThreadInitThunk [0x76F4FA29+25]
RtlGetAppContainerNamedObjectPath [0x77DA75F4+228]
RtlGetAppContainerNamedObjectPath [0x77DA75C4+180]
]]>
            </message>
            <full-stacktrace>
              <![CDATA[org.openqa.selenium.SessionNotCreatedException: session not created
from timeout: Timed out receiving message from renderer: 600.000
  (Session info: chrome=88.0.4324.182)
Build info: version: '3.141.59', revision: 'e82be7d358', time: '2018-11-14T08:17:03'
System info: host: 'SUBHANGIS-LPT', ip: '172.30.100.53', os.name: 'Windows 10', os.arch: 'amd64', os.version: '10.0', java.version: '1.8.0_261'
Driver info: driver.version: ChromeDriver
remote stacktrace: Backtrace:
GetHandleVerifier [0x008AB963+483]
GetHandleVerifier [0x008AB941+449]
GetHandleVerifier [0x00C53308+3832712]
GetHandleVerifier [0x00C4778C+3784716]
GetHandleVerifier [0x00C46A47+3781319]
GetHandleVerifier [0x00C46E36+3782326]
GetHandleVerifier [0x00C46765+3780581]
GetHandleVerifier [0x00C4FB21+3818401]
GetHandleVerifier [0x00C46721+3780513]
GetHandleVerifier [0x00C474B2+3783986]
GetHandleVerifier [0x00C46A47+3781319]
GetHandleVerifier [0x00C46E36+3782326]
GetHandleVerifier [0x00C46765+3780581]
GetHandleVerifier [0x00C4DF9C+3811356]
GetHandleVerifier [0x00C46721+3780513]
GetHandleVerifier [0x00C474B2+3783986]
GetHandleVerifier [0x00C46A47+3781319]
GetHandleVerifier [0x00C46E36+3782326]
GetHandleVerifier [0x00C46765+3780581]
GetHandleVerifier [0x00C4C392+3804178]
GetHandleVerifier [0x00C46721+3780513]
GetHandleVerifier [0x00C474B2+3783986]
GetHandleVerifier [0x00C46A47+3781319]
GetHandleVerifier [0x00C46E36+3782326]
GetHandleVerifier [0x00C46765+3780581]
GetHandleVerifier [0x00C4B655+3800789]
GetHandleVerifier [0x00C46721+3780513]
GetHandleVerifier [0x00C474B2+3783986]
GetHandleVerifier [0x00C46A47+3781319]
GetHandleVerifier [0x00C46E36+3782326]
GetHandleVerifier [0x00C46765+3780581]
GetHandleVerifier [0x00C42F46+3766214]
GetHandleVerifier [0x00C46721+3780513]
GetHandleVerifier [0x00C46543+3780035]
GetHandleVerifier [0x00C46337+3779511]
GetHandleVerifier [0x00C54540+3837376]
GetHandleVerifier [0x00C8F4BC+4078908]
GetHandleVerifier [0x00C8E56C+4074988]
GetHandleVerifier [0x00C8B2EB+4062059]
GetHandleVerifier [0x00C6ED14+3945876]
GetHandleVerifier [0x00C6FBCE+3949646]
GetHandleVerifier [0x00C6FB59+3949529]
Ordinal0 [0x0086B5CC+46540]
Ordinal0 [0x00869F53+40787]
Ordinal0 [0x00869B12+39698]
GetHandleVerifier [0x00B71468+2907368]
GetHandleVerifier [0x009B71EE+1096302]
GetHandleVerifier [0x00973E8D+821005]
GetHandleVerifier [0x0097396B+819691]
GetHandleVerifier [0x00973881+819457]
GetHandleVerifier [0x0099F463+998627]
BaseThreadInitThunk [0x76F4FA29+25]
RtlGetAppContainerNamedObjectPath [0x77DA75F4+228]
RtlGetAppContainerNamedObjectPath [0x77DA75C4+180]

at sun.reflect.NativeConstructorAccessorImpl.newInstance0(Native Method)
at sun.reflect.NativeConstructorAccessorImpl.newInstance(NativeConstructorAccessorImpl.java:62)
at sun.reflect.DelegatingConstructorAccessorImpl.newInstance(DelegatingConstructorAccessorImpl.java:45)
at java.lang.reflect.Constructor.newInstance(Constructor.java:423)
at org.openqa.selenium.remote.W3CHandshakeResponse.lambda$errorHandler$0(W3CHandshakeResponse.java:62)
at org.openqa.selenium.remote.HandshakeResponse.lambda$getResponseFunction$0(HandshakeResponse.java:30)
at org.openqa.selenium.remote.ProtocolHandshake.lambda$createSession$0(ProtocolHandshake.java:126)
at java.util.stream.ReferencePipeline$3$1.accept(ReferencePipeline.java:193)
at java.util.Spliterators$ArraySpliterator.tryAdvance(Spliterators.java:958)
at java.util.stream.ReferencePipeline.forEachWithCancel(ReferencePipeline.java:126)
at java.util.stream.AbstractPipeline.copyIntoWithCancel(AbstractPipeline.java:499)
at java.util.stream.AbstractPipeline.copyInto(AbstractPipeline.java:486)
at java.util.stream.AbstractPipeline.wrapAndCopyInto(AbstractPipeline.java:472)
at java.util.stream.FindOps$FindOp.evaluateSequential(FindOps.java:152)
at java.util.stream.AbstractPipeline.evaluate(AbstractPipeline.java:234)
at java.util.stream.ReferencePipeline.findFirst(ReferencePipeline.java:464)
at org.openqa.selenium.remote.ProtocolHandshake.createSession(ProtocolHandshake.java:128)
at org.openqa.selenium.remote.ProtocolHandshake.createSession(ProtocolHandshake.java:74)
at org.openqa.selenium.remote.HttpCommandExecutor.execute(HttpCommandExecutor.java:136)
at org.openqa.selenium.remote.service.DriverCommandExecutor.execute(DriverCommandExecutor.java:83)
at org.openqa.selenium.remote.RemoteWebDriver.execute(RemoteWebDriver.java:552)
at org.openqa.selenium.remote.RemoteWebDriver.startSession(RemoteWebDriver.java:213)
at org.openqa.selenium.remote.RemoteWebDriver.<init>(RemoteWebDriver.java:131)
at org.openqa.selenium.chrome.ChromeDriver.<init>(ChromeDriver.java:181)
at org.openqa.selenium.chrome.ChromeDriver.<init>(ChromeDriver.java:168)
at org.openqa.selenium.chrome.ChromeDriver.<init>(ChromeDriver.java:123)
at com.basepk.BaseClass.OpenBrowserGrade(BaseClass.java:55)
at sun.reflect.NativeMethodAccessorImpl.invoke0(Native Method)
at sun.reflect.NativeMethodAccessorImpl.invoke(NativeMethodAccessorImpl.java:62)
at sun.reflect.DelegatingMethodAccessorImpl.invoke(DelegatingMethodAccessorImpl.java:43)
at java.lang.reflect.Method.invoke(Method.java:498)
at org.testng.internal.MethodInvocationHelper.invokeMethod(MethodInvocationHelper.java:132)
at org.testng.internal.MethodInvocationHelper.invokeMethodConsideringTimeout(MethodInvocationHelper.java:61)
at org.testng.internal.ConfigInvoker.invokeConfigurationMethod(ConfigInvoker.java:366)
at org.testng.internal.ConfigInvoker.invokeConfigurations(ConfigInvoker.java:320)
at org.testng.SuiteRunner.privateRun(SuiteRunner.java:327)
at org.testng.SuiteRunner.run(SuiteRunner.java:286)
at org.testng.SuiteRunnerWorker.runSuite(SuiteRunnerWorker.java:53)
at org.testng.SuiteRunnerWorker.run(SuiteRunnerWorker.java:96)
at org.testng.TestNG.runSuitesSequentially(TestNG.java:1218)
at org.testng.TestNG.runSuitesSequentially(TestNG.java:1213)
at org.testng.TestNG.runSuitesLocally(TestNG.java:1140)
at org.testng.TestNG.runSuites(TestNG.java:1069)
at org.testng.TestNG.run(TestNG.java:1037)
at org.apache.maven.surefire.testng.TestNGExecutor.run(TestNGExecutor.java:283)
at org.apache.maven.surefire.testng.TestNGXmlTestSuite.execute(TestNGXmlTestSuite.java:75)
at org.apache.maven.surefire.testng.TestNGProvider.invoke(TestNGProvider.java:120)
at org.apache.maven.surefire.booter.ForkedBooter.runSuitesInProcess(ForkedBooter.java:377)
at org.apache.maven.surefire.booter.ForkedBooter.execute(ForkedBooter.java:138)
at org.apache.maven.surefire.booter.ForkedBooter.run(ForkedBooter.java:465)
at org.apache.maven.surefire.booter.ForkedBooter.main(ForkedBooter.java:451)
]]>
            </full-stacktrace>
          </exception> <!-- org.openqa.selenium.SessionNotCreatedException -->
          <reporter-output>
          </reporter-output>
        </test-method> <!-- verifyclickOnItems -->
        <test-method status="SKIP" signature="verifyclickOnEdit()[pri:3, instance:com.vanran.tests.ItemsEditTest@64bfbc86]" name="verifyclickOnEdit" duration-ms="0" started-at="2021-02-26T15:17:27 IST" finished-at="2021-02-26T15:17:27 IST">
          <exception class="org.openqa.selenium.SessionNotCreatedException">
            <message>
              <![CDATA[session not created
from timeout: Timed out receiving message from renderer: 600.000
  (Session info: chrome=88.0.4324.182)
Build info: version: '3.141.59', revision: 'e82be7d358', time: '2018-11-14T08:17:03'
System info: host: 'SUBHANGIS-LPT', ip: '172.30.100.53', os.name: 'Windows 10', os.arch: 'amd64', os.version: '10.0', java.version: '1.8.0_261'
Driver info: driver.version: ChromeDriver
remote stacktrace: Backtrace:
GetHandleVerifier [0x008AB963+483]
GetHandleVerifier [0x008AB941+449]
GetHandleVerifier [0x00C53308+3832712]
GetHandleVerifier [0x00C4778C+3784716]
GetHandleVerifier [0x00C46A47+3781319]
GetHandleVerifier [0x00C46E36+3782326]
GetHandleVerifier [0x00C46765+3780581]
GetHandleVerifier [0x00C4FB21+3818401]
GetHandleVerifier [0x00C46721+3780513]
GetHandleVerifier [0x00C474B2+3783986]
GetHandleVerifier [0x00C46A47+3781319]
GetHandleVerifier [0x00C46E36+3782326]
GetHandleVerifier [0x00C46765+3780581]
GetHandleVerifier [0x00C4DF9C+3811356]
GetHandleVerifier [0x00C46721+3780513]
GetHandleVerifier [0x00C474B2+3783986]
GetHandleVerifier [0x00C46A47+3781319]
GetHandleVerifier [0x00C46E36+3782326]
GetHandleVerifier [0x00C46765+3780581]
GetHandleVerifier [0x00C4C392+3804178]
GetHandleVerifier [0x00C46721+3780513]
GetHandleVerifier [0x00C474B2+3783986]
GetHandleVerifier [0x00C46A47+3781319]
GetHandleVerifier [0x00C46E36+3782326]
GetHandleVerifier [0x00C46765+3780581]
GetHandleVerifier [0x00C4B655+3800789]
GetHandleVerifier [0x00C46721+3780513]
GetHandleVerifier [0x00C474B2+3783986]
GetHandleVerifier [0x00C46A47+3781319]
GetHandleVerifier [0x00C46E36+3782326]
GetHandleVerifier [0x00C46765+3780581]
GetHandleVerifier [0x00C42F46+3766214]
GetHandleVerifier [0x00C46721+3780513]
GetHandleVerifier [0x00C46543+3780035]
GetHandleVerifier [0x00C46337+3779511]
GetHandleVerifier [0x00C54540+3837376]
GetHandleVerifier [0x00C8F4BC+4078908]
GetHandleVerifier [0x00C8E56C+4074988]
GetHandleVerifier [0x00C8B2EB+4062059]
GetHandleVerifier [0x00C6ED14+3945876]
GetHandleVerifier [0x00C6FBCE+3949646]
GetHandleVerifier [0x00C6FB59+3949529]
Ordinal0 [0x0086B5CC+46540]
Ordinal0 [0x00869F53+40787]
Ordinal0 [0x00869B12+39698]
GetHandleVerifier [0x00B71468+2907368]
GetHandleVerifier [0x009B71EE+1096302]
GetHandleVerifier [0x00973E8D+821005]
GetHandleVerifier [0x0097396B+819691]
GetHandleVerifier [0x00973881+819457]
GetHandleVerifier [0x0099F463+998627]
BaseThreadInitThunk [0x76F4FA29+25]
RtlGetAppContainerNamedObjectPath [0x77DA75F4+228]
RtlGetAppContainerNamedObjectPath [0x77DA75C4+180]
]]>
            </message>
            <full-stacktrace>
              <![CDATA[org.openqa.selenium.SessionNotCreatedException: session not created
from timeout: Timed out receiving message from renderer: 600.000
  (Session info: chrome=88.0.4324.182)
Build info: version: '3.141.59', revision: 'e82be7d358', time: '2018-11-14T08:17:03'
System info: host: 'SUBHANGIS-LPT', ip: '172.30.100.53', os.name: 'Windows 10', os.arch: 'amd64', os.version: '10.0', java.version: '1.8.0_261'
Driver info: driver.version: ChromeDriver
remote stacktrace: Backtrace:
GetHandleVerifier [0x008AB963+483]
GetHandleVerifier [0x008AB941+449]
GetHandleVerifier [0x00C53308+3832712]
GetHandleVerifier [0x00C4778C+3784716]
GetHandleVerifier [0x00C46A47+3781319]
GetHandleVerifier [0x00C46E36+3782326]
GetHandleVerifier [0x00C46765+3780581]
GetHandleVerifier [0x00C4FB21+3818401]
GetHandleVerifier [0x00C46721+3780513]
GetHandleVerifier [0x00C474B2+3783986]
GetHandleVerifier [0x00C46A47+3781319]
GetHandleVerifier [0x00C46E36+3782326]
GetHandleVerifier [0x00C46765+3780581]
GetHandleVerifier [0x00C4DF9C+3811356]
GetHandleVerifier [0x00C46721+3780513]
GetHandleVerifier [0x00C474B2+3783986]
GetHandleVerifier [0x00C46A47+3781319]
GetHandleVerifier [0x00C46E36+3782326]
GetHandleVerifier [0x00C46765+3780581]
GetHandleVerifier [0x00C4C392+3804178]
GetHandleVerifier [0x00C46721+3780513]
GetHandleVerifier [0x00C474B2+3783986]
GetHandleVerifier [0x00C46A47+3781319]
GetHandleVerifier [0x00C46E36+3782326]
GetHandleVerifier [0x00C46765+3780581]
GetHandleVerifier [0x00C4B655+3800789]
GetHandleVerifier [0x00C46721+3780513]
GetHandleVerifier [0x00C474B2+3783986]
GetHandleVerifier [0x00C46A47+3781319]
GetHandleVerifier [0x00C46E36+3782326]
GetHandleVerifier [0x00C46765+3780581]
GetHandleVerifier [0x00C42F46+3766214]
GetHandleVerifier [0x00C46721+3780513]
GetHandleVerifier [0x00C46543+3780035]
GetHandleVerifier [0x00C46337+3779511]
GetHandleVerifier [0x00C54540+3837376]
GetHandleVerifier [0x00C8F4BC+4078908]
GetHandleVerifier [0x00C8E56C+4074988]
GetHandleVerifier [0x00C8B2EB+4062059]
GetHandleVerifier [0x00C6ED14+3945876]
GetHandleVerifier [0x00C6FBCE+3949646]
GetHandleVerifier [0x00C6FB59+3949529]
Ordinal0 [0x0086B5CC+46540]
Ordinal0 [0x00869F53+40787]
Ordinal0 [0x00869B12+39698]
GetHandleVerifier [0x00B71468+2907368]
GetHandleVerifier [0x009B71EE+1096302]
GetHandleVerifier [0x00973E8D+821005]
GetHandleVerifier [0x0097396B+819691]
GetHandleVerifier [0x00973881+819457]
GetHandleVerifier [0x0099F463+998627]
BaseThreadInitThunk [0x76F4FA29+25]
RtlGetAppContainerNamedObjectPath [0x77DA75F4+228]
RtlGetAppContainerNamedObjectPath [0x77DA75C4+180]

at sun.reflect.NativeConstructorAccessorImpl.newInstance0(Native Method)
at sun.reflect.NativeConstructorAccessorImpl.newInstance(NativeConstructorAccessorImpl.java:62)
at sun.reflect.DelegatingConstructorAccessorImpl.newInstance(DelegatingConstructorAccessorImpl.java:45)
at java.lang.reflect.Constructor.newInstance(Constructor.java:423)
at org.openqa.selenium.remote.W3CHandshakeResponse.lambda$errorHandler$0(W3CHandshakeResponse.java:62)
at org.openqa.selenium.remote.HandshakeResponse.lambda$getResponseFunction$0(HandshakeResponse.java:30)
at org.openqa.selenium.remote.ProtocolHandshake.lambda$createSession$0(ProtocolHandshake.java:126)
at java.util.stream.ReferencePipeline$3$1.accept(ReferencePipeline.java:193)
at java.util.Spliterators$ArraySpliterator.tryAdvance(Spliterators.java:958)
at java.util.stream.ReferencePipeline.forEachWithCancel(ReferencePipeline.java:126)
at java.util.stream.AbstractPipeline.copyIntoWithCancel(AbstractPipeline.java:499)
at java.util.stream.AbstractPipeline.copyInto(AbstractPipeline.java:486)
at java.util.stream.AbstractPipeline.wrapAndCopyInto(AbstractPipeline.java:472)
at java.util.stream.FindOps$FindOp.evaluateSequential(FindOps.java:152)
at java.util.stream.AbstractPipeline.evaluate(AbstractPipeline.java:234)
at java.util.stream.ReferencePipeline.findFirst(ReferencePipeline.java:464)
at org.openqa.selenium.remote.ProtocolHandshake.createSession(ProtocolHandshake.java:128)
at org.openqa.selenium.remote.ProtocolHandshake.createSession(ProtocolHandshake.java:74)
at org.openqa.selenium.remote.HttpCommandExecutor.execute(HttpCommandExecutor.java:136)
at org.openqa.selenium.remote.service.DriverCommandExecutor.execute(DriverCommandExecutor.java:83)
at org.openqa.selenium.remote.RemoteWebDriver.execute(RemoteWebDriver.java:552)
at org.openqa.selenium.remote.RemoteWebDriver.startSession(RemoteWebDriver.java:213)
at org.openqa.selenium.remote.RemoteWebDriver.<init>(RemoteWebDriver.java:131)
at org.openqa.selenium.chrome.ChromeDriver.<init>(ChromeDriver.java:181)
at org.openqa.selenium.chrome.ChromeDriver.<init>(ChromeDriver.java:168)
at org.openqa.selenium.chrome.ChromeDriver.<init>(ChromeDriver.java:123)
at com.basepk.BaseClass.OpenBrowserGrade(BaseClass.java:55)
at sun.reflect.NativeMethodAccessorImpl.invoke0(Native Method)
at sun.reflect.NativeMethodAccessorImpl.invoke(NativeMethodAccessorImpl.java:62)
at sun.reflect.DelegatingMethodAccessorImpl.invoke(DelegatingMethodAccessorImpl.java:43)
at java.lang.reflect.Method.invoke(Method.java:498)
at org.testng.internal.MethodInvocationHelper.invokeMethod(MethodInvocationHelper.java:132)
at org.testng.internal.MethodInvocationHelper.invokeMethodConsideringTimeout(MethodInvocationHelper.java:61)
at org.testng.internal.ConfigInvoker.invokeConfigurationMethod(ConfigInvoker.java:366)
at org.testng.internal.ConfigInvoker.invokeConfigurations(ConfigInvoker.java:320)
at org.testng.SuiteRunner.privateRun(SuiteRunner.java:327)
at org.testng.SuiteRunner.run(SuiteRunner.java:286)
at org.testng.SuiteRunnerWorker.runSuite(SuiteRunnerWorker.java:53)
at org.testng.SuiteRunnerWorker.run(SuiteRunnerWorker.java:96)
at org.testng.TestNG.runSuitesSequentially(TestNG.java:1218)
at org.testng.TestNG.runSuitesSequentially(TestNG.java:1213)
at org.testng.TestNG.runSuitesLocally(TestNG.java:1140)
at org.testng.TestNG.runSuites(TestNG.java:1069)
at org.testng.TestNG.run(TestNG.java:1037)
at org.apache.maven.surefire.testng.TestNGExecutor.run(TestNGExecutor.java:283)
at org.apache.maven.surefire.testng.TestNGXmlTestSuite.execute(TestNGXmlTestSuite.java:75)
at org.apache.maven.surefire.testng.TestNGProvider.invoke(TestNGProvider.java:120)
at org.apache.maven.surefire.booter.ForkedBooter.runSuitesInProcess(ForkedBooter.java:377)
at org.apache.maven.surefire.booter.ForkedBooter.execute(ForkedBooter.java:138)
at org.apache.maven.surefire.booter.ForkedBooter.run(ForkedBooter.java:465)
at org.apache.maven.surefire.booter.ForkedBooter.main(ForkedBooter.java:451)
]]>
            </full-stacktrace>
          </exception> <!-- org.openqa.selenium.SessionNotCreatedException -->
          <reporter-output>
          </reporter-output>
        </test-method> <!-- verifyclickOnEdit -->
        <test-method status="SKIP" signature="verifyclickOnCheckBox()[pri:4, instance:com.vanran.tests.ItemsEditTest@64bfbc86]" name="verifyclickOnCheckBox" duration-ms="0" started-at="2021-02-26T15:17:27 IST" finished-at="2021-02-26T15:17:27 IST">
          <exception class="org.openqa.selenium.SessionNotCreatedException">
            <message>
              <![CDATA[session not created
from timeout: Timed out receiving message from renderer: 600.000
  (Session info: chrome=88.0.4324.182)
Build info: version: '3.141.59', revision: 'e82be7d358', time: '2018-11-14T08:17:03'
System info: host: 'SUBHANGIS-LPT', ip: '172.30.100.53', os.name: 'Windows 10', os.arch: 'amd64', os.version: '10.0', java.version: '1.8.0_261'
Driver info: driver.version: ChromeDriver
remote stacktrace: Backtrace:
GetHandleVerifier [0x008AB963+483]
GetHandleVerifier [0x008AB941+449]
GetHandleVerifier [0x00C53308+3832712]
GetHandleVerifier [0x00C4778C+3784716]
GetHandleVerifier [0x00C46A47+3781319]
GetHandleVerifier [0x00C46E36+3782326]
GetHandleVerifier [0x00C46765+3780581]
GetHandleVerifier [0x00C4FB21+3818401]
GetHandleVerifier [0x00C46721+3780513]
GetHandleVerifier [0x00C474B2+3783986]
GetHandleVerifier [0x00C46A47+3781319]
GetHandleVerifier [0x00C46E36+3782326]
GetHandleVerifier [0x00C46765+3780581]
GetHandleVerifier [0x00C4DF9C+3811356]
GetHandleVerifier [0x00C46721+3780513]
GetHandleVerifier [0x00C474B2+3783986]
GetHandleVerifier [0x00C46A47+3781319]
GetHandleVerifier [0x00C46E36+3782326]
GetHandleVerifier [0x00C46765+3780581]
GetHandleVerifier [0x00C4C392+3804178]
GetHandleVerifier [0x00C46721+3780513]
GetHandleVerifier [0x00C474B2+3783986]
GetHandleVerifier [0x00C46A47+3781319]
GetHandleVerifier [0x00C46E36+3782326]
GetHandleVerifier [0x00C46765+3780581]
GetHandleVerifier [0x00C4B655+3800789]
GetHandleVerifier [0x00C46721+3780513]
GetHandleVerifier [0x00C474B2+3783986]
GetHandleVerifier [0x00C46A47+3781319]
GetHandleVerifier [0x00C46E36+3782326]
GetHandleVerifier [0x00C46765+3780581]
GetHandleVerifier [0x00C42F46+3766214]
GetHandleVerifier [0x00C46721+3780513]
GetHandleVerifier [0x00C46543+3780035]
GetHandleVerifier [0x00C46337+3779511]
GetHandleVerifier [0x00C54540+3837376]
GetHandleVerifier [0x00C8F4BC+4078908]
GetHandleVerifier [0x00C8E56C+4074988]
GetHandleVerifier [0x00C8B2EB+4062059]
GetHandleVerifier [0x00C6ED14+3945876]
GetHandleVerifier [0x00C6FBCE+3949646]
GetHandleVerifier [0x00C6FB59+3949529]
Ordinal0 [0x0086B5CC+46540]
Ordinal0 [0x00869F53+40787]
Ordinal0 [0x00869B12+39698]
GetHandleVerifier [0x00B71468+2907368]
GetHandleVerifier [0x009B71EE+1096302]
GetHandleVerifier [0x00973E8D+821005]
GetHandleVerifier [0x0097396B+819691]
GetHandleVerifier [0x00973881+819457]
GetHandleVerifier [0x0099F463+998627]
BaseThreadInitThunk [0x76F4FA29+25]
RtlGetAppContainerNamedObjectPath [0x77DA75F4+228]
RtlGetAppContainerNamedObjectPath [0x77DA75C4+180]
]]>
            </message>
            <full-stacktrace>
              <![CDATA[org.openqa.selenium.SessionNotCreatedException: session not created
from timeout: Timed out receiving message from renderer: 600.000
  (Session info: chrome=88.0.4324.182)
Build info: version: '3.141.59', revision: 'e82be7d358', time: '2018-11-14T08:17:03'
System info: host: 'SUBHANGIS-LPT', ip: '172.30.100.53', os.name: 'Windows 10', os.arch: 'amd64', os.version: '10.0', java.version: '1.8.0_261'
Driver info: driver.version: ChromeDriver
remote stacktrace: Backtrace:
GetHandleVerifier [0x008AB963+483]
GetHandleVerifier [0x008AB941+449]
GetHandleVerifier [0x00C53308+3832712]
GetHandleVerifier [0x00C4778C+3784716]
GetHandleVerifier [0x00C46A47+3781319]
GetHandleVerifier [0x00C46E36+3782326]
GetHandleVerifier [0x00C46765+3780581]
GetHandleVerifier [0x00C4FB21+3818401]
GetHandleVerifier [0x00C46721+3780513]
GetHandleVerifier [0x00C474B2+3783986]
GetHandleVerifier [0x00C46A47+3781319]
GetHandleVerifier [0x00C46E36+3782326]
GetHandleVerifier [0x00C46765+3780581]
GetHandleVerifier [0x00C4DF9C+3811356]
GetHandleVerifier [0x00C46721+3780513]
GetHandleVerifier [0x00C474B2+3783986]
GetHandleVerifier [0x00C46A47+3781319]
GetHandleVerifier [0x00C46E36+3782326]
GetHandleVerifier [0x00C46765+3780581]
GetHandleVerifier [0x00C4C392+3804178]
GetHandleVerifier [0x00C46721+3780513]
GetHandleVerifier [0x00C474B2+3783986]
GetHandleVerifier [0x00C46A47+3781319]
GetHandleVerifier [0x00C46E36+3782326]
GetHandleVerifier [0x00C46765+3780581]
GetHandleVerifier [0x00C4B655+3800789]
GetHandleVerifier [0x00C46721+3780513]
GetHandleVerifier [0x00C474B2+3783986]
GetHandleVerifier [0x00C46A47+3781319]
GetHandleVerifier [0x00C46E36+3782326]
GetHandleVerifier [0x00C46765+3780581]
GetHandleVerifier [0x00C42F46+3766214]
GetHandleVerifier [0x00C46721+3780513]
GetHandleVerifier [0x00C46543+3780035]
GetHandleVerifier [0x00C46337+3779511]
GetHandleVerifier [0x00C54540+3837376]
GetHandleVerifier [0x00C8F4BC+4078908]
GetHandleVerifier [0x00C8E56C+4074988]
GetHandleVerifier [0x00C8B2EB+4062059]
GetHandleVerifier [0x00C6ED14+3945876]
GetHandleVerifier [0x00C6FBCE+3949646]
GetHandleVerifier [0x00C6FB59+3949529]
Ordinal0 [0x0086B5CC+46540]
Ordinal0 [0x00869F53+40787]
Ordinal0 [0x00869B12+39698]
GetHandleVerifier [0x00B71468+2907368]
GetHandleVerifier [0x009B71EE+1096302]
GetHandleVerifier [0x00973E8D+821005]
GetHandleVerifier [0x0097396B+819691]
GetHandleVerifier [0x00973881+819457]
GetHandleVerifier [0x0099F463+998627]
BaseThreadInitThunk [0x76F4FA29+25]
RtlGetAppContainerNamedObjectPath [0x77DA75F4+228]
RtlGetAppContainerNamedObjectPath [0x77DA75C4+180]

at sun.reflect.NativeConstructorAccessorImpl.newInstance0(Native Method)
at sun.reflect.NativeConstructorAccessorImpl.newInstance(NativeConstructorAccessorImpl.java:62)
at sun.reflect.DelegatingConstructorAccessorImpl.newInstance(DelegatingConstructorAccessorImpl.java:45)
at java.lang.reflect.Constructor.newInstance(Constructor.java:423)
at org.openqa.selenium.remote.W3CHandshakeResponse.lambda$errorHandler$0(W3CHandshakeResponse.java:62)
at org.openqa.selenium.remote.HandshakeResponse.lambda$getResponseFunction$0(HandshakeResponse.java:30)
at org.openqa.selenium.remote.ProtocolHandshake.lambda$createSession$0(ProtocolHandshake.java:126)
at java.util.stream.ReferencePipeline$3$1.accept(ReferencePipeline.java:193)
at java.util.Spliterators$ArraySpliterator.tryAdvance(Spliterators.java:958)
at java.util.stream.ReferencePipeline.forEachWithCancel(ReferencePipeline.java:126)
at java.util.stream.AbstractPipeline.copyIntoWithCancel(AbstractPipeline.java:499)
at java.util.stream.AbstractPipeline.copyInto(AbstractPipeline.java:486)
at java.util.stream.AbstractPipeline.wrapAndCopyInto(AbstractPipeline.java:472)
at java.util.stream.FindOps$FindOp.evaluateSequential(FindOps.java:152)
at java.util.stream.AbstractPipeline.evaluate(AbstractPipeline.java:234)
at java.util.stream.ReferencePipeline.findFirst(ReferencePipeline.java:464)
at org.openqa.selenium.remote.ProtocolHandshake.createSession(ProtocolHandshake.java:128)
at org.openqa.selenium.remote.ProtocolHandshake.createSession(ProtocolHandshake.java:74)
at org.openqa.selenium.remote.HttpCommandExecutor.execute(HttpCommandExecutor.java:136)
at org.openqa.selenium.remote.service.DriverCommandExecutor.execute(DriverCommandExecutor.java:83)
at org.openqa.selenium.remote.RemoteWebDriver.execute(RemoteWebDriver.java:552)
at org.openqa.selenium.remote.RemoteWebDriver.startSession(RemoteWebDriver.java:213)
at org.openqa.selenium.remote.RemoteWebDriver.<init>(RemoteWebDriver.java:131)
at org.openqa.selenium.chrome.ChromeDriver.<init>(ChromeDriver.java:181)
at org.openqa.selenium.chrome.ChromeDriver.<init>(ChromeDriver.java:168)
at org.openqa.selenium.chrome.ChromeDriver.<init>(ChromeDriver.java:123)
at com.basepk.BaseClass.OpenBrowserGrade(BaseClass.java:55)
at sun.reflect.NativeMethodAccessorImpl.invoke0(Native Method)
at sun.reflect.NativeMethodAccessorImpl.invoke(NativeMethodAccessorImpl.java:62)
at sun.reflect.DelegatingMethodAccessorImpl.invoke(DelegatingMethodAccessorImpl.java:43)
at java.lang.reflect.Method.invoke(Method.java:498)
at org.testng.internal.MethodInvocationHelper.invokeMethod(MethodInvocationHelper.java:132)
at org.testng.internal.MethodInvocationHelper.invokeMethodConsideringTimeout(MethodInvocationHelper.java:61)
at org.testng.internal.ConfigInvoker.invokeConfigurationMethod(ConfigInvoker.java:366)
at org.testng.internal.ConfigInvoker.invokeConfigurations(ConfigInvoker.java:320)
at org.testng.SuiteRunner.privateRun(SuiteRunner.java:327)
at org.testng.SuiteRunner.run(SuiteRunner.java:286)
at org.testng.SuiteRunnerWorker.runSuite(SuiteRunnerWorker.java:53)
at org.testng.SuiteRunnerWorker.run(SuiteRunnerWorker.java:96)
at org.testng.TestNG.runSuitesSequentially(TestNG.java:1218)
at org.testng.TestNG.runSuitesSequentially(TestNG.java:1213)
at org.testng.TestNG.runSuitesLocally(TestNG.java:1140)
at org.testng.TestNG.runSuites(TestNG.java:1069)
at org.testng.TestNG.run(TestNG.java:1037)
at org.apache.maven.surefire.testng.TestNGExecutor.run(TestNGExecutor.java:283)
at org.apache.maven.surefire.testng.TestNGXmlTestSuite.execute(TestNGXmlTestSuite.java:75)
at org.apache.maven.surefire.testng.TestNGProvider.invoke(TestNGProvider.java:120)
at org.apache.maven.surefire.booter.ForkedBooter.runSuitesInProcess(ForkedBooter.java:377)
at org.apache.maven.surefire.booter.ForkedBooter.execute(ForkedBooter.java:138)
at org.apache.maven.surefire.booter.ForkedBooter.run(ForkedBooter.java:465)
at org.apache.maven.surefire.booter.ForkedBooter.main(ForkedBooter.java:451)
]]>
            </full-stacktrace>
          </exception> <!-- org.openqa.selenium.SessionNotCreatedException -->
          <reporter-output>
          </reporter-output>
        </test-method> <!-- verifyclickOnCheckBox -->
        <test-method status="SKIP" signature="verifyclickOnUpdate()[pri:5, instance:com.vanran.tests.ItemsEditTest@64bfbc86]" name="verifyclickOnUpdate" duration-ms="0" started-at="2021-02-26T15:17:27 IST" finished-at="2021-02-26T15:17:27 IST">
          <exception class="org.openqa.selenium.SessionNotCreatedException">
            <message>
              <![CDATA[session not created
from timeout: Timed out receiving message from renderer: 600.000
  (Session info: chrome=88.0.4324.182)
Build info: version: '3.141.59', revision: 'e82be7d358', time: '2018-11-14T08:17:03'
System info: host: 'SUBHANGIS-LPT', ip: '172.30.100.53', os.name: 'Windows 10', os.arch: 'amd64', os.version: '10.0', java.version: '1.8.0_261'
Driver info: driver.version: ChromeDriver
remote stacktrace: Backtrace:
GetHandleVerifier [0x008AB963+483]
GetHandleVerifier [0x008AB941+449]
GetHandleVerifier [0x00C53308+3832712]
GetHandleVerifier [0x00C4778C+3784716]
GetHandleVerifier [0x00C46A47+3781319]
GetHandleVerifier [0x00C46E36+3782326]
GetHandleVerifier [0x00C46765+3780581]
GetHandleVerifier [0x00C4FB21+3818401]
GetHandleVerifier [0x00C46721+3780513]
GetHandleVerifier [0x00C474B2+3783986]
GetHandleVerifier [0x00C46A47+3781319]
GetHandleVerifier [0x00C46E36+3782326]
GetHandleVerifier [0x00C46765+3780581]
GetHandleVerifier [0x00C4DF9C+3811356]
GetHandleVerifier [0x00C46721+3780513]
GetHandleVerifier [0x00C474B2+3783986]
GetHandleVerifier [0x00C46A47+3781319]
GetHandleVerifier [0x00C46E36+3782326]
GetHandleVerifier [0x00C46765+3780581]
GetHandleVerifier [0x00C4C392+3804178]
GetHandleVerifier [0x00C46721+3780513]
GetHandleVerifier [0x00C474B2+3783986]
GetHandleVerifier [0x00C46A47+3781319]
GetHandleVerifier [0x00C46E36+3782326]
GetHandleVerifier [0x00C46765+3780581]
GetHandleVerifier [0x00C4B655+3800789]
GetHandleVerifier [0x00C46721+3780513]
GetHandleVerifier [0x00C474B2+3783986]
GetHandleVerifier [0x00C46A47+3781319]
GetHandleVerifier [0x00C46E36+3782326]
GetHandleVerifier [0x00C46765+3780581]
GetHandleVerifier [0x00C42F46+3766214]
GetHandleVerifier [0x00C46721+3780513]
GetHandleVerifier [0x00C46543+3780035]
GetHandleVerifier [0x00C46337+3779511]
GetHandleVerifier [0x00C54540+3837376]
GetHandleVerifier [0x00C8F4BC+4078908]
GetHandleVerifier [0x00C8E56C+4074988]
GetHandleVerifier [0x00C8B2EB+4062059]
GetHandleVerifier [0x00C6ED14+3945876]
GetHandleVerifier [0x00C6FBCE+3949646]
GetHandleVerifier [0x00C6FB59+3949529]
Ordinal0 [0x0086B5CC+46540]
Ordinal0 [0x00869F53+40787]
Ordinal0 [0x00869B12+39698]
GetHandleVerifier [0x00B71468+2907368]
GetHandleVerifier [0x009B71EE+1096302]
GetHandleVerifier [0x00973E8D+821005]
GetHandleVerifier [0x0097396B+819691]
GetHandleVerifier [0x00973881+819457]
GetHandleVerifier [0x0099F463+998627]
BaseThreadInitThunk [0x76F4FA29+25]
RtlGetAppContainerNamedObjectPath [0x77DA75F4+228]
RtlGetAppContainerNamedObjectPath [0x77DA75C4+180]
]]>
            </message>
            <full-stacktrace>
              <![CDATA[org.openqa.selenium.SessionNotCreatedException: session not created
from timeout: Timed out receiving message from renderer: 600.000
  (Session info: chrome=88.0.4324.182)
Build info: version: '3.141.59', revision: 'e82be7d358', time: '2018-11-14T08:17:03'
System info: host: 'SUBHANGIS-LPT', ip: '172.30.100.53', os.name: 'Windows 10', os.arch: 'amd64', os.version: '10.0', java.version: '1.8.0_261'
Driver info: driver.version: ChromeDriver
remote stacktrace: Backtrace:
GetHandleVerifier [0x008AB963+483]
GetHandleVerifier [0x008AB941+449]
GetHandleVerifier [0x00C53308+3832712]
GetHandleVerifier [0x00C4778C+3784716]
GetHandleVerifier [0x00C46A47+3781319]
GetHandleVerifier [0x00C46E36+3782326]
GetHandleVerifier [0x00C46765+3780581]
GetHandleVerifier [0x00C4FB21+3818401]
GetHandleVerifier [0x00C46721+3780513]
GetHandleVerifier [0x00C474B2+3783986]
GetHandleVerifier [0x00C46A47+3781319]
GetHandleVerifier [0x00C46E36+3782326]
GetHandleVerifier [0x00C46765+3780581]
GetHandleVerifier [0x00C4DF9C+3811356]
GetHandleVerifier [0x00C46721+3780513]
GetHandleVerifier [0x00C474B2+3783986]
GetHandleVerifier [0x00C46A47+3781319]
GetHandleVerifier [0x00C46E36+3782326]
GetHandleVerifier [0x00C46765+3780581]
GetHandleVerifier [0x00C4C392+3804178]
GetHandleVerifier [0x00C46721+3780513]
GetHandleVerifier [0x00C474B2+3783986]
GetHandleVerifier [0x00C46A47+3781319]
GetHandleVerifier [0x00C46E36+3782326]
GetHandleVerifier [0x00C46765+3780581]
GetHandleVerifier [0x00C4B655+3800789]
GetHandleVerifier [0x00C46721+3780513]
GetHandleVerifier [0x00C474B2+3783986]
GetHandleVerifier [0x00C46A47+3781319]
GetHandleVerifier [0x00C46E36+3782326]
GetHandleVerifier [0x00C46765+3780581]
GetHandleVerifier [0x00C42F46+3766214]
GetHandleVerifier [0x00C46721+3780513]
GetHandleVerifier [0x00C46543+3780035]
GetHandleVerifier [0x00C46337+3779511]
GetHandleVerifier [0x00C54540+3837376]
GetHandleVerifier [0x00C8F4BC+4078908]
GetHandleVerifier [0x00C8E56C+4074988]
GetHandleVerifier [0x00C8B2EB+4062059]
GetHandleVerifier [0x00C6ED14+3945876]
GetHandleVerifier [0x00C6FBCE+3949646]
GetHandleVerifier [0x00C6FB59+3949529]
Ordinal0 [0x0086B5CC+46540]
Ordinal0 [0x00869F53+40787]
Ordinal0 [0x00869B12+39698]
GetHandleVerifier [0x00B71468+2907368]
GetHandleVerifier [0x009B71EE+1096302]
GetHandleVerifier [0x00973E8D+821005]
GetHandleVerifier [0x0097396B+819691]
GetHandleVerifier [0x00973881+819457]
GetHandleVerifier [0x0099F463+998627]
BaseThreadInitThunk [0x76F4FA29+25]
RtlGetAppContainerNamedObjectPath [0x77DA75F4+228]
RtlGetAppContainerNamedObjectPath [0x77DA75C4+180]

at sun.reflect.NativeConstructorAccessorImpl.newInstance0(Native Method)
at sun.reflect.NativeConstructorAccessorImpl.newInstance(NativeConstructorAccessorImpl.java:62)
at sun.reflect.DelegatingConstructorAccessorImpl.newInstance(DelegatingConstructorAccessorImpl.java:45)
at java.lang.reflect.Constructor.newInstance(Constructor.java:423)
at org.openqa.selenium.remote.W3CHandshakeResponse.lambda$errorHandler$0(W3CHandshakeResponse.java:62)
at org.openqa.selenium.remote.HandshakeResponse.lambda$getResponseFunction$0(HandshakeResponse.java:30)
at org.openqa.selenium.remote.ProtocolHandshake.lambda$createSession$0(ProtocolHandshake.java:126)
at java.util.stream.ReferencePipeline$3$1.accept(ReferencePipeline.java:193)
at java.util.Spliterators$ArraySpliterator.tryAdvance(Spliterators.java:958)
at java.util.stream.ReferencePipeline.forEachWithCancel(ReferencePipeline.java:126)
at java.util.stream.AbstractPipeline.copyIntoWithCancel(AbstractPipeline.java:499)
at java.util.stream.AbstractPipeline.copyInto(AbstractPipeline.java:486)
at java.util.stream.AbstractPipeline.wrapAndCopyInto(AbstractPipeline.java:472)
at java.util.stream.FindOps$FindOp.evaluateSequential(FindOps.java:152)
at java.util.stream.AbstractPipeline.evaluate(AbstractPipeline.java:234)
at java.util.stream.ReferencePipeline.findFirst(ReferencePipeline.java:464)
at org.openqa.selenium.remote.ProtocolHandshake.createSession(ProtocolHandshake.java:128)
at org.openqa.selenium.remote.ProtocolHandshake.createSession(ProtocolHandshake.java:74)
at org.openqa.selenium.remote.HttpCommandExecutor.execute(HttpCommandExecutor.java:136)
at org.openqa.selenium.remote.service.DriverCommandExecutor.execute(DriverCommandExecutor.java:83)
at org.openqa.selenium.remote.RemoteWebDriver.execute(RemoteWebDriver.java:552)
at org.openqa.selenium.remote.RemoteWebDriver.startSession(RemoteWebDriver.java:213)
at org.openqa.selenium.remote.RemoteWebDriver.<init>(RemoteWebDriver.java:131)
at org.openqa.selenium.chrome.ChromeDriver.<init>(ChromeDriver.java:181)
at org.openqa.selenium.chrome.ChromeDriver.<init>(ChromeDriver.java:168)
at org.openqa.selenium.chrome.ChromeDriver.<init>(ChromeDriver.java:123)
at com.basepk.BaseClass.OpenBrowserGrade(BaseClass.java:55)
at sun.reflect.NativeMethodAccessorImpl.invoke0(Native Method)
at sun.reflect.NativeMethodAccessorImpl.invoke(NativeMethodAccessorImpl.java:62)
at sun.reflect.DelegatingMethodAccessorImpl.invoke(DelegatingMethodAccessorImpl.java:43)
at java.lang.reflect.Method.invoke(Method.java:498)
at org.testng.internal.MethodInvocationHelper.invokeMethod(MethodInvocationHelper.java:132)
at org.testng.internal.MethodInvocationHelper.invokeMethodConsideringTimeout(MethodInvocationHelper.java:61)
at org.testng.internal.ConfigInvoker.invokeConfigurationMethod(ConfigInvoker.java:366)
at org.testng.internal.ConfigInvoker.invokeConfigurations(ConfigInvoker.java:320)
at org.testng.SuiteRunner.privateRun(SuiteRunner.java:327)
at org.testng.SuiteRunner.run(SuiteRunner.java:286)
at org.testng.SuiteRunnerWorker.runSuite(SuiteRunnerWorker.java:53)
at org.testng.SuiteRunnerWorker.run(SuiteRunnerWorker.java:96)
at org.testng.TestNG.runSuitesSequentially(TestNG.java:1218)
at org.testng.TestNG.runSuitesSequentially(TestNG.java:1213)
at org.testng.TestNG.runSuitesLocally(TestNG.java:1140)
at org.testng.TestNG.runSuites(TestNG.java:1069)
at org.testng.TestNG.run(TestNG.java:1037)
at org.apache.maven.surefire.testng.TestNGExecutor.run(TestNGExecutor.java:283)
at org.apache.maven.surefire.testng.TestNGXmlTestSuite.execute(TestNGXmlTestSuite.java:75)
at org.apache.maven.surefire.testng.TestNGProvider.invoke(TestNGProvider.java:120)
at org.apache.maven.surefire.booter.ForkedBooter.runSuitesInProcess(ForkedBooter.java:377)
at org.apache.maven.surefire.booter.ForkedBooter.execute(ForkedBooter.java:138)
at org.apache.maven.surefire.booter.ForkedBooter.run(ForkedBooter.java:465)
at org.apache.maven.surefire.booter.ForkedBooter.main(ForkedBooter.java:451)
]]>
            </full-stacktrace>
          </exception> <!-- org.openqa.selenium.SessionNotCreatedException -->
          <reporter-output>
          </reporter-output>
        </test-method> <!-- verifyclickOnUpdate -->
        <test-method status="SKIP" signature="finish()[pri:0, instance:com.vanran.tests.ItemsEditTest@64bfbc86]" name="finish" is-config="true" duration-ms="-1614332847717" started-at="2021-02-26T15:17:27 IST" finished-at="1970-01-01T05:30:00 IST">
          <reporter-output>
          </reporter-output>
        </test-method> <!-- finish -->
      </class> <!-- com.vanran.tests.ItemsEditTest -->
    </test> <!-- Login Test -->
  </suite> <!--  LoginTest Suite -->
</testng-results>
