<?xml version="1.0" encoding="UTF-8"?>
<testng-results ignored="0" total="6" passed="6" failed="0" skipped="0">
  <reporter-output>
  </reporter-output>
  <suite started-at="2021-02-26T14:26:17 IST" name="Suite" finished-at="2021-02-26T14:26:17 IST" duration-ms="0">
    <groups>
    </groups>
  </suite> <!-- Suite -->
  <suite started-at="2021-02-26T14:26:05 IST" name=" LoginTest Suite" finished-at="2021-02-26T14:26:16 IST" duration-ms="10724">
    <groups>
    </groups>
    <test started-at="2021-02-26T14:26:05 IST" name="Login Test" finished-at="2021-02-26T14:26:16 IST" duration-ms="10724">
      <class name="com.vanran.tests.ItemsEditTest">
        <test-method is-config="true" signature="OpenBrowserGrade()[pri:0, instance:com.vanran.tests.ItemsEditTest@2bfc268b]" started-at="2021-02-26T14:25:36 IST" name="OpenBrowserGrade" finished-at="2021-02-26T14:26:05 IST" duration-ms="29267" status="PASS">
          <reporter-output>
          </reporter-output>
        </test-method> <!-- OpenBrowserGrade -->
        <test-method signature="verifyLogin()[pri:0, instance:com.vanran.tests.ItemsEditTest@2bfc268b]" started-at="2021-02-26T14:26:05 IST" name="verifyLogin" finished-at="2021-02-26T14:26:08 IST" duration-ms="2959" status="PASS">
          <reporter-output>
          </reporter-output>
        </test-method> <!-- verifyLogin -->
        <test-method signature="verifyclickOnApplicationSetting()[pri:1, instance:com.vanran.tests.ItemsEditTest@2bfc268b]" started-at="2021-02-26T14:26:08 IST" name="verifyclickOnApplicationSetting" finished-at="2021-02-26T14:26:08 IST" duration-ms="334" status="PASS">
          <reporter-output>
          </reporter-output>
        </test-method> <!-- verifyclickOnApplicationSetting -->
        <test-method signature="verifyclickOnItems()[pri:2, instance:com.vanran.tests.ItemsEditTest@2bfc268b]" started-at="2021-02-26T14:26:08 IST" name="verifyclickOnItems" finished-at="2021-02-26T14:26:09 IST" duration-ms="182" status="PASS">
          <reporter-output>
          </reporter-output>
        </test-method> <!-- verifyclickOnItems -->
        <test-method signature="verifyclickOnEdit()[pri:3, instance:com.vanran.tests.ItemsEditTest@2bfc268b]" started-at="2021-02-26T14:26:09 IST" name="verifyclickOnEdit" finished-at="2021-02-26T14:26:12 IST" duration-ms="3338" status="PASS">
          <reporter-output>
          </reporter-output>
        </test-method> <!-- verifyclickOnEdit -->
        <test-method signature="verifyclickOnCheckBox()[pri:4, instance:com.vanran.tests.ItemsEditTest@2bfc268b]" started-at="2021-02-26T14:26:12 IST" name="verifyclickOnCheckBox" finished-at="2021-02-26T14:26:14 IST" duration-ms="1606" status="PASS">
          <reporter-output>
          </reporter-output>
        </test-method> <!-- verifyclickOnCheckBox -->
        <test-method signature="verifyclickOnUpdate()[pri:5, instance:com.vanran.tests.ItemsEditTest@2bfc268b]" started-at="2021-02-26T14:26:14 IST" name="verifyclickOnUpdate" finished-at="2021-02-26T14:26:16 IST" duration-ms="2193" status="PASS">
          <reporter-output>
          </reporter-output>
        </test-method> <!-- verifyclickOnUpdate -->
        <test-method is-config="true" signature="finish()[pri:0, instance:com.vanran.tests.ItemsEditTest@2bfc268b]" started-at="2021-02-26T14:26:16 IST" name="finish" finished-at="2021-02-26T14:26:17 IST" duration-ms="984" status="PASS">
          <reporter-output>
          </reporter-output>
        </test-method> <!-- finish -->
      </class> <!-- com.vanran.tests.ItemsEditTest -->
    </test> <!-- Login Test -->
  </suite> <!--  LoginTest Suite -->
</testng-results>
