<?xml version="1.0" encoding="UTF-8"?>
<!-- Generated by org.testng.reporters.JUnitXMLReporter -->
<testsuite ignored="0" hostname="SubhangiS-lpt" failures="0" tests="6" name="Login Test" time="10.724" errors="0" timestamp="2021-02-26T14:26:16 IST">
  <testcase classname="com.vanran.tests.ItemsEditTest" name="verifyLogin" time="2.959"/>
  <testcase classname="com.vanran.tests.ItemsEditTest" name="verifyclickOnApplicationSetting" time="0.334"/>
  <testcase classname="com.vanran.tests.ItemsEditTest" name="verifyclickOnItems" time="0.182"/>
  <testcase classname="com.vanran.tests.ItemsEditTest" name="verifyclickOnEdit" time="3.338"/>
  <testcase classname="com.vanran.tests.ItemsEditTest" name="verifyclickOnCheckBox" time="1.606"/>
  <testcase classname="com.vanran.tests.ItemsEditTest" name="verifyclickOnUpdate" time="2.193"/>
</testsuite> <!-- Login Test -->
